[20220613-19:29:47] [CORE ] main: app started pid 565(0x00000235)
[20220613-19:29:48] [INFO ] main: DISPLAY env var set to :16.0
[20220613-19:29:48] [INFO ] main: using DISPLAY 16
[20220613-19:29:49] [INFO ] channel_thread_loop: thread start
[20220613-19:29:49] [INFO ] Socket 12: AF_UNIX connection received
[20220613-19:29:55] [INFO ] channel_thread_loop: trans_check_wait_objs error resetting
[20220613-19:29:55] [INFO ] Socket 13: AF_UNIX connection received
[20220613-22:19:20] [INFO ] channel_thread_loop: trans_check_wait_objs error resetting
[20220613-23:19:09] [INFO ] Socket 13: AF_UNIX connection received
[20220614-01:53:02] [INFO ] channel_thread_loop: trans_check_wait_objs error resetting
[20220614-11:35:30] [INFO ] Socket 13: AF_UNIX connection received
[20220614-11:35:34] [INFO ] channel_thread_loop: trans_check_wait_objs error resetting
[20220615-01:33:54] [INFO ] Socket 13: AF_UNIX connection received
[20220615-01:34:37] [INFO ] channel_thread_loop: trans_check_wait_objs error resetting
[20220615-13:48:24] [INFO ] Socket 13: AF_UNIX connection received
[20220615-17:07:21] [INFO ] channel_thread_loop: trans_check_wait_objs error resetting
[20220615-19:04:29] [INFO ] Socket 13: AF_UNIX connection received
[20220615-19:34:25] [INFO ] channel_thread_loop: trans_check_wait_objs error resetting
[20220615-19:34:32] [INFO ] Socket 13: AF_UNIX connection received
[20220616-06:10:02] [INFO ] channel_thread_loop: trans_check_wait_objs error resetting
[20220616-11:45:45] [INFO ] Socket 13: AF_UNIX connection received
[20220616-11:57:03] [INFO ] channel_thread_loop: trans_check_wait_objs error resetting
[20220617-19:54:51] [INFO ] Socket 13: AF_UNIX connection received
[20220617-20:07:04] [INFO ] channel_thread_loop: trans_check_wait_objs error resetting
[20220620-14:55:09] [INFO ] Socket 13: AF_UNIX connection received
[20220620-15:06:35] [INFO ] channel_thread_loop: trans_check_wait_objs error resetting
[20220622-11:41:32] [INFO ] Socket 13: AF_UNIX connection received
[20220622-11:41:40] [INFO ] channel_thread_loop: trans_check_wait_objs error resetting
[20220623-14:31:25] [INFO ] Socket 13: AF_UNIX connection received
[20220623-16:46:57] [INFO ] channel_thread_loop: trans_check_wait_objs error resetting
[20220626-20:42:09] [INFO ] Socket 13: AF_UNIX connection received
[20220626-20:47:42] [INFO ] channel_thread_loop: trans_check_wait_objs error resetting
