[2022-06-27 11:51:56,096] [util.py:254]               [INFO]     |====================================================================================================|
[2022-06-27 11:51:56,409] [config.py:17]              [INFO]     | Locating config...                                                                                 |
[2022-06-27 11:51:56,410] [config.py:25]              [INFO]     | Using /config/config.yml as config                                                                 |
[2022-06-27 11:51:56,589] [config.py:238]             [INFO]     | Connecting to Qbittorrent...                                                                       |
[2022-06-27 11:51:56,590] [qbittorrent.py:21]         [DEBUG]    | Host: 192.168.1.23:8080, Username: admin, Password: [REDACTED]                                     |
[2022-06-27 11:51:56,637] [qbittorrent.py:28]         [DEBUG]    | qBittorrent: v4.3.8                                                                                |
[2022-06-27 11:51:56,641] [qbittorrent.py:29]         [DEBUG]    | qBittorrent Web API: 2.8.2                                                                         |
[2022-06-27 11:51:56,642] [qbittorrent.py:30]         [DEBUG]    | qbit_manage support version: v4.4.2                                                                |
[2022-06-27 11:51:56,642] [qbittorrent.py:37]         [INFO]     | Qbt Connection Successful                                                                          |
[2022-06-27 11:51:56,642] [util.py:251]               [INFO]     |======================================= Getting Torrent List =======================================|
[2022-06-27 11:51:56,675] [util.py:251]               [INFO]     |========================================== Updating Tags ===========================================|
[2022-06-27 11:51:56,684] [util.py:206]               [INFO]     | No new torrents to tag.                                                                            |
[2022-06-27 11:51:56,685] [util.py:247]               [INFO]     |====================================================================================================|
[2022-06-27 11:51:56,685] [util.py:251]               [INFO]     |                                            Finished Run                                            |
[2022-06-27 11:51:56,685] [util.py:251]               [INFO]     |                                         Run Time: 0:00:00                                          |
[2022-06-27 11:51:56,686] [util.py:251]               [INFO]     |                    Current Time: 11:51 | 30 Minutes until the next run at 12:21                    |
[2022-06-27 11:51:56,686] [util.py:254]               [INFO]     |====================================================================================================|
[2022-06-27 12:21:58,421] [util.py:247]               [INFO]     |====================================================================================================|
[2022-06-27 12:21:58,422] [util.py:251]               [INFO]     |                                            Starting Run                                            |
[2022-06-27 12:21:58,422] [util.py:254]               [INFO]     |====================================================================================================|
[2022-06-27 12:21:58,422] [config.py:17]              [INFO]     | Locating config...                                                                                 |
[2022-06-27 12:21:58,422] [config.py:25]              [INFO]     | Using /config/config.yml as config                                                                 |
[2022-06-27 12:21:58,540] [config.py:238]             [INFO]     | Connecting to Qbittorrent...                                                                       |
[2022-06-27 12:21:58,540] [qbittorrent.py:21]         [DEBUG]    | Host: 192.168.1.23:8080, Username: admin, Password: [REDACTED]                                     |
[2022-06-27 12:21:58,561] [qbittorrent.py:28]         [DEBUG]    | qBittorrent: v4.3.8                                                                                |
[2022-06-27 12:21:58,565] [qbittorrent.py:29]         [DEBUG]    | qBittorrent Web API: 2.8.2                                                                         |
[2022-06-27 12:21:58,566] [qbittorrent.py:30]         [DEBUG]    | qbit_manage support version: v4.4.2                                                                |
[2022-06-27 12:21:58,566] [qbittorrent.py:37]         [INFO]     | Qbt Connection Successful                                                                          |
[2022-06-27 12:21:58,566] [util.py:251]               [INFO]     |======================================= Getting Torrent List =======================================|
[2022-06-27 12:21:58,596] [util.py:251]               [INFO]     |========================================== Updating Tags ===========================================|
[2022-06-27 12:21:58,605] [util.py:206]               [INFO]     | No new torrents to tag.                                                                            |
[2022-06-27 12:21:58,606] [util.py:247]               [INFO]     |====================================================================================================|
[2022-06-27 12:21:58,607] [util.py:251]               [INFO]     |                                            Finished Run                                            |
[2022-06-27 12:21:58,608] [util.py:251]               [INFO]     |                                         Run Time: 0:00:00                                          |
[2022-06-27 12:21:58,608] [util.py:251]               [INFO]     |                    Current Time: 12:21 | 30 Minutes until the next run at 12:51                    |
[2022-06-27 12:21:58,608] [util.py:254]               [INFO]     |====================================================================================================|
[2022-06-27 12:52:00,352] [util.py:247]               [INFO]     |====================================================================================================|
[2022-06-27 12:52:00,352] [util.py:251]               [INFO]     |                                            Starting Run                                            |
[2022-06-27 12:52:00,352] [util.py:254]               [INFO]     |====================================================================================================|
[2022-06-27 12:52:00,353] [config.py:17]              [INFO]     | Locating config...                                                                                 |
[2022-06-27 12:52:00,364] [config.py:25]              [INFO]     | Using /config/config.yml as config                                                                 |
[2022-06-27 12:52:00,472] [config.py:238]             [INFO]     | Connecting to Qbittorrent...                                                                       |
[2022-06-27 12:52:00,473] [qbittorrent.py:21]         [DEBUG]    | Host: 192.168.1.23:8080, Username: admin, Password: [REDACTED]                                     |
[2022-06-27 12:52:00,507] [qbittorrent.py:28]         [DEBUG]    | qBittorrent: v4.3.8                                                                                |
[2022-06-27 12:52:00,512] [qbittorrent.py:29]         [DEBUG]    | qBittorrent Web API: 2.8.2                                                                         |
[2022-06-27 12:52:00,513] [qbittorrent.py:30]         [DEBUG]    | qbit_manage support version: v4.4.2                                                                |
[2022-06-27 12:52:00,513] [qbittorrent.py:37]         [INFO]     | Qbt Connection Successful                                                                          |
[2022-06-27 12:52:00,513] [util.py:251]               [INFO]     |======================================= Getting Torrent List =======================================|
[2022-06-27 12:52:00,557] [util.py:251]               [INFO]     |========================================== Updating Tags ===========================================|
[2022-06-27 12:52:00,683] [util.py:206]               [INFO]     | No new torrents to tag.                                                                            |
[2022-06-27 12:52:00,684] [util.py:247]               [INFO]     |====================================================================================================|
[2022-06-27 12:52:00,684] [util.py:251]               [INFO]     |                                            Finished Run                                            |
[2022-06-27 12:52:00,684] [util.py:251]               [INFO]     |                                         Run Time: 0:00:00                                          |
[2022-06-27 12:52:00,684] [util.py:251]               [INFO]     |                    Current Time: 12:52 | 30 Minutes until the next run at 13:22                    |
[2022-06-27 12:52:00,684] [util.py:254]               [INFO]     |====================================================================================================|
[2022-06-27 13:22:02,410] [util.py:247]               [INFO]     |====================================================================================================|
[2022-06-27 13:22:02,411] [util.py:251]               [INFO]     |                                            Starting Run                                            |
[2022-06-27 13:22:02,411] [util.py:254]               [INFO]     |====================================================================================================|
[2022-06-27 13:22:02,411] [config.py:17]              [INFO]     | Locating config...                                                                                 |
[2022-06-27 13:22:02,411] [config.py:25]              [INFO]     | Using /config/config.yml as config                                                                 |
[2022-06-27 13:22:02,525] [config.py:238]             [INFO]     | Connecting to Qbittorrent...                                                                       |
[2022-06-27 13:22:02,526] [qbittorrent.py:21]         [DEBUG]    | Host: 192.168.1.23:8080, Username: admin, Password: [REDACTED]                                     |
[2022-06-27 13:22:02,549] [qbittorrent.py:28]         [DEBUG]    | qBittorrent: v4.3.8                                                                                |
[2022-06-27 13:22:02,554] [qbittorrent.py:29]         [DEBUG]    | qBittorrent Web API: 2.8.2                                                                         |
[2022-06-27 13:22:02,554] [qbittorrent.py:30]         [DEBUG]    | qbit_manage support version: v4.4.2                                                                |
[2022-06-27 13:22:02,554] [qbittorrent.py:37]         [INFO]     | Qbt Connection Successful                                                                          |
[2022-06-27 13:22:02,555] [util.py:251]               [INFO]     |======================================= Getting Torrent List =======================================|
[2022-06-27 13:22:02,587] [util.py:251]               [INFO]     |========================================== Updating Tags ===========================================|
[2022-06-27 13:22:02,596] [util.py:206]               [INFO]     | No new torrents to tag.                                                                            |
[2022-06-27 13:22:02,597] [util.py:247]               [INFO]     |====================================================================================================|
[2022-06-27 13:22:02,597] [util.py:251]               [INFO]     |                                            Finished Run                                            |
[2022-06-27 13:22:02,597] [util.py:251]               [INFO]     |                                         Run Time: 0:00:00                                          |
[2022-06-27 13:22:02,597] [util.py:251]               [INFO]     |                    Current Time: 13:22 | 30 Minutes until the next run at 13:52                    |
[2022-06-27 13:22:02,597] [util.py:254]               [INFO]     |====================================================================================================|
[2022-06-27 13:52:04,283] [util.py:247]               [INFO]     |====================================================================================================|
[2022-06-27 13:52:04,283] [util.py:251]               [INFO]     |                                            Starting Run                                            |
[2022-06-27 13:52:04,283] [util.py:254]               [INFO]     |====================================================================================================|
[2022-06-27 13:52:04,284] [config.py:17]              [INFO]     | Locating config...                                                                                 |
[2022-06-27 13:52:04,284] [config.py:25]              [INFO]     | Using /config/config.yml as config                                                                 |
[2022-06-27 13:52:04,392] [config.py:238]             [INFO]     | Connecting to Qbittorrent...                                                                       |
[2022-06-27 13:52:04,393] [qbittorrent.py:21]         [DEBUG]    | Host: 192.168.1.23:8080, Username: admin, Password: [REDACTED]                                     |
[2022-06-27 13:52:04,424] [qbittorrent.py:28]         [DEBUG]    | qBittorrent: v4.3.8                                                                                |
[2022-06-27 13:52:04,429] [qbittorrent.py:29]         [DEBUG]    | qBittorrent Web API: 2.8.2                                                                         |
[2022-06-27 13:52:04,430] [qbittorrent.py:30]         [DEBUG]    | qbit_manage support version: v4.4.2                                                                |
[2022-06-27 13:52:04,430] [qbittorrent.py:37]         [INFO]     | Qbt Connection Successful                                                                          |
[2022-06-27 13:52:04,431] [util.py:251]               [INFO]     |======================================= Getting Torrent List =======================================|
[2022-06-27 13:52:04,466] [util.py:251]               [INFO]     |========================================== Updating Tags ===========================================|
[2022-06-27 13:52:04,475] [util.py:206]               [INFO]     | No new torrents to tag.                                                                            |
[2022-06-27 13:52:04,476] [util.py:247]               [INFO]     |====================================================================================================|
[2022-06-27 13:52:04,476] [util.py:251]               [INFO]     |                                            Finished Run                                            |
[2022-06-27 13:52:04,476] [util.py:251]               [INFO]     |                                         Run Time: 0:00:00                                          |
[2022-06-27 13:52:04,477] [util.py:251]               [INFO]     |                    Current Time: 13:52 | 30 Minutes until the next run at 14:22                    |
[2022-06-27 13:52:04,477] [util.py:254]               [INFO]     |====================================================================================================|
[2022-06-27 14:22:06,155] [util.py:247]               [INFO]     |====================================================================================================|
[2022-06-27 14:22:06,155] [util.py:251]               [INFO]     |                                            Starting Run                                            |
[2022-06-27 14:22:06,156] [util.py:254]               [INFO]     |====================================================================================================|
[2022-06-27 14:22:06,156] [config.py:17]              [INFO]     | Locating config...                                                                                 |
[2022-06-27 14:22:06,156] [config.py:25]              [INFO]     | Using /config/config.yml as config                                                                 |
[2022-06-27 14:22:06,271] [config.py:238]             [INFO]     | Connecting to Qbittorrent...                                                                       |
[2022-06-27 14:22:06,272] [qbittorrent.py:21]         [DEBUG]    | Host: 192.168.1.23:8080, Username: admin, Password: [REDACTED]                                     |
[2022-06-27 14:22:06,293] [qbittorrent.py:28]         [DEBUG]    | qBittorrent: v4.3.8                                                                                |
[2022-06-27 14:22:06,298] [qbittorrent.py:29]         [DEBUG]    | qBittorrent Web API: 2.8.2                                                                         |
[2022-06-27 14:22:06,298] [qbittorrent.py:30]         [DEBUG]    | qbit_manage support version: v4.4.2                                                                |
[2022-06-27 14:22:06,298] [qbittorrent.py:37]         [INFO]     | Qbt Connection Successful                                                                          |
[2022-06-27 14:22:06,298] [util.py:251]               [INFO]     |======================================= Getting Torrent List =======================================|
[2022-06-27 14:22:06,331] [util.py:251]               [INFO]     |========================================== Updating Tags ===========================================|
[2022-06-27 14:22:06,340] [util.py:206]               [INFO]     | No new torrents to tag.                                                                            |
[2022-06-27 14:22:06,340] [util.py:247]               [INFO]     |====================================================================================================|
[2022-06-27 14:22:06,341] [util.py:251]               [INFO]     |                                            Finished Run                                            |
[2022-06-27 14:22:06,341] [util.py:251]               [INFO]     |                                         Run Time: 0:00:00                                          |
[2022-06-27 14:22:06,341] [util.py:251]               [INFO]     |                    Current Time: 14:22 | 30 Minutes until the next run at 14:52                    |
[2022-06-27 14:22:06,341] [util.py:254]               [INFO]     |====================================================================================================|
[2022-06-27 14:52:08,191] [util.py:247]               [INFO]     |====================================================================================================|
[2022-06-27 14:52:08,207] [util.py:251]               [INFO]     |                                            Starting Run                                            |
[2022-06-27 14:52:08,207] [util.py:254]               [INFO]     |====================================================================================================|
[2022-06-27 14:52:08,208] [config.py:17]              [INFO]     | Locating config...                                                                                 |
[2022-06-27 14:52:08,208] [config.py:25]              [INFO]     | Using /config/config.yml as config                                                                 |
[2022-06-27 14:52:08,379] [config.py:238]             [INFO]     | Connecting to Qbittorrent...                                                                       |
[2022-06-27 14:52:08,380] [qbittorrent.py:21]         [DEBUG]    | Host: 192.168.1.23:8080, Username: admin, Password: [REDACTED]                                     |
[2022-06-27 14:52:08,448] [qbittorrent.py:28]         [DEBUG]    | qBittorrent: v4.3.8                                                                                |
[2022-06-27 14:52:08,453] [qbittorrent.py:29]         [DEBUG]    | qBittorrent Web API: 2.8.2                                                                         |
[2022-06-27 14:52:08,453] [qbittorrent.py:30]         [DEBUG]    | qbit_manage support version: v4.4.2                                                                |
[2022-06-27 14:52:08,453] [qbittorrent.py:37]         [INFO]     | Qbt Connection Successful                                                                          |
[2022-06-27 14:52:08,453] [util.py:251]               [INFO]     |======================================= Getting Torrent List =======================================|
[2022-06-27 14:52:08,488] [util.py:251]               [INFO]     |========================================== Updating Tags ===========================================|
[2022-06-27 14:52:08,533] [util.py:206]               [INFO]     | No new torrents to tag.                                                                            |
[2022-06-27 14:52:08,534] [util.py:247]               [INFO]     |====================================================================================================|
[2022-06-27 14:52:08,534] [util.py:251]               [INFO]     |                                            Finished Run                                            |
[2022-06-27 14:52:08,534] [util.py:251]               [INFO]     |                                         Run Time: 0:00:00                                          |
[2022-06-27 14:52:08,534] [util.py:251]               [INFO]     |                    Current Time: 14:52 | 30 Minutes until the next run at 15:22                    |
[2022-06-27 14:52:08,534] [util.py:254]               [INFO]     |====================================================================================================|
[2022-06-27 15:22:10,273] [util.py:247]               [INFO]     |====================================================================================================|
[2022-06-27 15:22:10,274] [util.py:251]               [INFO]     |                                            Starting Run                                            |
[2022-06-27 15:22:10,274] [util.py:254]               [INFO]     |====================================================================================================|
[2022-06-27 15:22:10,274] [config.py:17]              [INFO]     | Locating config...                                                                                 |
[2022-06-27 15:22:10,274] [config.py:25]              [INFO]     | Using /config/config.yml as config                                                                 |
[2022-06-27 15:22:10,402] [config.py:238]             [INFO]     | Connecting to Qbittorrent...                                                                       |
[2022-06-27 15:22:10,402] [qbittorrent.py:21]         [DEBUG]    | Host: 192.168.1.23:8080, Username: admin, Password: [REDACTED]                                     |
[2022-06-27 15:22:10,423] [qbittorrent.py:28]         [DEBUG]    | qBittorrent: v4.3.8                                                                                |
[2022-06-27 15:22:10,428] [qbittorrent.py:29]         [DEBUG]    | qBittorrent Web API: 2.8.2                                                                         |
[2022-06-27 15:22:10,428] [qbittorrent.py:30]         [DEBUG]    | qbit_manage support version: v4.4.2                                                                |
[2022-06-27 15:22:10,429] [qbittorrent.py:37]         [INFO]     | Qbt Connection Successful                                                                          |
[2022-06-27 15:22:10,429] [util.py:251]               [INFO]     |======================================= Getting Torrent List =======================================|
[2022-06-27 15:22:10,459] [util.py:251]               [INFO]     |========================================== Updating Tags ===========================================|
[2022-06-27 15:22:10,469] [util.py:206]               [INFO]     | No new torrents to tag.                                                                            |
[2022-06-27 15:22:10,469] [util.py:247]               [INFO]     |====================================================================================================|
[2022-06-27 15:22:10,470] [util.py:251]               [INFO]     |                                            Finished Run                                            |
[2022-06-27 15:22:10,470] [util.py:251]               [INFO]     |                                         Run Time: 0:00:00                                          |
[2022-06-27 15:22:10,470] [util.py:251]               [INFO]     |                    Current Time: 15:22 | 30 Minutes until the next run at 15:52                    |
[2022-06-27 15:22:10,470] [util.py:254]               [INFO]     |====================================================================================================|
[2022-06-27 15:52:12,213] [util.py:247]               [INFO]     |====================================================================================================|
[2022-06-27 15:52:12,213] [util.py:251]               [INFO]     |                                            Starting Run                                            |
[2022-06-27 15:52:12,213] [util.py:254]               [INFO]     |====================================================================================================|
[2022-06-27 15:52:12,213] [config.py:17]              [INFO]     | Locating config...                                                                                 |
[2022-06-27 15:52:12,214] [config.py:25]              [INFO]     | Using /config/config.yml as config                                                                 |
[2022-06-27 15:52:12,326] [config.py:238]             [INFO]     | Connecting to Qbittorrent...                                                                       |
[2022-06-27 15:52:12,326] [qbittorrent.py:21]         [DEBUG]    | Host: 192.168.1.23:8080, Username: admin, Password: [REDACTED]                                     |
[2022-06-27 15:52:12,348] [qbittorrent.py:28]         [DEBUG]    | qBittorrent: v4.3.8                                                                                |
[2022-06-27 15:52:12,352] [qbittorrent.py:29]         [DEBUG]    | qBittorrent Web API: 2.8.2                                                                         |
[2022-06-27 15:52:12,352] [qbittorrent.py:30]         [DEBUG]    | qbit_manage support version: v4.4.2                                                                |
[2022-06-27 15:52:12,352] [qbittorrent.py:37]         [INFO]     | Qbt Connection Successful                                                                          |
[2022-06-27 15:52:12,353] [util.py:251]               [INFO]     |======================================= Getting Torrent List =======================================|
[2022-06-27 15:52:12,384] [util.py:251]               [INFO]     |========================================== Updating Tags ===========================================|
[2022-06-27 15:52:12,399] [util.py:206]               [INFO]     |    Torrent Name: A Game of Thrones [Enhanced Edition] - George R. R. Martin                        |
[2022-06-27 15:52:12,399] [util.py:206]               [INFO]     |         New Tag: MaM                                                                               |
[2022-06-27 15:52:12,399] [util.py:206]               [INFO]     |         Tracker: https://t.myanonamouse.net                                                        |
[2022-06-27 15:52:12,453] [util.py:206]               [INFO]     | Updated 1 new tags.                                                                                |
[2022-06-27 15:52:12,453] [util.py:247]               [INFO]     |====================================================================================================|
[2022-06-27 15:52:12,453] [util.py:251]               [INFO]     |                                            Finished Run                                            |
[2022-06-27 15:52:12,454] [util.py:251]               [INFO]     |                                      Total Torrents Tagged: 1                                      |
[2022-06-27 15:52:12,454] [util.py:251]               [INFO]     |                                         Run Time: 0:00:00                                          |
[2022-06-27 15:52:12,454] [util.py:251]               [INFO]     |                    Current Time: 15:52 | 30 Minutes until the next run at 16:22                    |
[2022-06-27 15:52:12,454] [util.py:254]               [INFO]     |====================================================================================================|
