(N) 2022-06-26T20:15:41 - 'Gerard Doyle' reached the maximum seeding time you set. Paused.
(N) 2022-06-26T20:16:11 - 'James Clavell - Gai-Jin' reached the maximum seeding time you set. Paused.
(N) 2022-06-26T20:17:21 - 'The British Knight by Louise Bay [MP3]' reached the maximum seeding time you set. Paused.
(N) 2022-06-26T20:18:21 - '01 The Iron Dragon's Daughter' reached the maximum seeding time you set. Paused.
(N) 2022-06-26T20:19:11 - '1978 - Night Shift (20 short stories)' reached the maximum seeding time you set. Paused.
(N) 2022-06-26T20:20:11 - 'ML-TGATM' reached the maximum seeding time you set. Paused.
(N) 2022-06-26T20:21:41 - 'Skeleton Crew - Frank Muller' reached the maximum seeding time you set. Paused.
(N) 2022-06-26T20:28:31 - 'Chris Ryan' reached the maximum seeding time you set. Paused.
(N) 2022-06-26T20:36:11 - 'Elmore Leonard' reached the maximum seeding time you set. Paused.
(N) 2022-06-26T20:49:21 - 'House of Blades - The Traveler's Gate Trilogy, Volume 1 (Unabridged)' reached the maximum seeding time you set. Paused.
(N) 2022-06-26T21:16:21 - 'Drizzt Audiobook Collection' reached the maximum seeding time you set. Paused.
(N) 2022-06-26T21:58:11 - 'ML-TGATM' reached the maximum seeding time you set. Paused.
(N) 2022-06-26T21:58:11 - 'Jason King Collection' reached the maximum seeding time you set. Paused.
(N) 2022-06-26T21:58:21 - 'ML-TGATM' reached the maximum seeding time you set. Paused.
(N) 2022-06-26T21:58:21 - 'Jason King Collection' reached the maximum seeding time you set. Paused.
(N) 2022-06-26T21:58:21 - 'Ken Follett - Code to Zero' reached the maximum seeding time you set. Paused.
(N) 2022-06-26T21:58:31 - 'Drizzt Audiobook Collection' reached the maximum seeding time you set. Paused.
(N) 2022-06-26T21:58:31 - 'Bloody Jack - Bk1 Bloody Jack Series - L.A. Meyer' reached the maximum seeding time you set. Paused.
(N) 2022-06-26T21:58:31 - 'Nicholas Rhea - Constable 04 - Constable Across the Moors 1992' reached the maximum seeding time you set. Paused.
(N) 2022-06-26T21:58:31 - 'Gerard Doyle' reached the maximum seeding time you set. Paused.
(N) 2022-06-26T21:58:31 - '01 The Iron Dragon's Daughter' reached the maximum seeding time you set. Paused.
(N) 2022-06-26T21:58:31 - 'Elmore Leonard' reached the maximum seeding time you set. Paused.
(N) 2022-06-26T21:58:31 - 'Chris Ryan' reached the maximum seeding time you set. Paused.
(N) 2022-06-26T21:58:31 - 'House of Blades - The Traveler's Gate Trilogy, Volume 1 (Unabridged)' reached the maximum seeding time you set. Paused.
(N) 2022-06-26T21:58:31 - 'James Clavell - King Rat - 22.22' reached the maximum seeding time you set. Paused.
(N) 2022-06-26T21:58:31 - 'Ben Creed - A Traitor's Heart' reached the maximum seeding time you set. Paused.
(N) 2022-06-26T21:58:31 - 'James Clavell - Gai-Jin' reached the maximum seeding time you set. Paused.
(N) 2022-06-26T21:58:31 - '1978 - Night Shift (20 short stories)' reached the maximum seeding time you set. Paused.
(N) 2022-06-26T21:58:31 - 'The British Knight by Louise Bay [MP3]' reached the maximum seeding time you set. Paused.
(N) 2022-06-26T21:58:31 - 'ML-TGATM' reached the maximum seeding time you set. Paused.
(N) 2022-06-26T21:58:31 - 'Jason King Collection' reached the maximum seeding time you set. Paused.
(N) 2022-06-26T21:58:31 - 'Ken Follett - Code to Zero' reached the maximum seeding time you set. Paused.
(N) 2022-06-26T21:58:31 - 'David Baldacci - 2021 - A Gambling Man' reached the maximum seeding time you set. Paused.
(N) 2022-06-26T21:58:31 - 'Melanie Magidow - The Tale of Princess Fatima, Warrior Woman' reached the maximum seeding time you set. Paused.
(N) 2022-06-26T21:58:31 - 'David Simon-Homicide-A Year on the Killing Streets' reached the maximum seeding time you set. Paused.
(N) 2022-06-26T21:58:31 - 'Skeleton Crew - Frank Muller' reached the maximum seeding time you set. Paused.
(N) 2022-06-26T21:58:41 - 'David Baldacci - 2021 - A Gambling Man' reached the maximum seeding time you set. Paused.
(N) 2022-06-26T21:58:41 - 'Melanie Magidow - The Tale of Princess Fatima, Warrior Woman' reached the maximum seeding time you set. Paused.
(N) 2022-06-26T21:59:01 - 'Melanie Magidow - The Tale of Princess Fatima, Warrior Woman' reached the maximum seeding time you set. Paused.
(N) 2022-06-26T21:59:01 - 'David Simon-Homicide-A Year on the Killing Streets' reached the maximum seeding time you set. Paused.
(N) 2022-06-26T21:59:18 - Web UI: Now listening on IP: *, port: 8080
(N) 2022-06-26T21:59:31 - 'Melanie Magidow - The Tale of Princess Fatima, Warrior Woman' reached the maximum seeding time you set. Paused.
(N) 2022-06-26T21:59:31 - 'David Simon-Homicide-A Year on the Killing Streets' reached the maximum seeding time you set. Paused.
(N) 2022-06-26T21:59:31 - 'Skeleton Crew - Frank Muller' reached the maximum seeding time you set. Paused.
(N) 2022-06-26T21:59:41 - 'Drizzt Audiobook Collection' reached the maximum seeding time you set. Paused.
(N) 2022-06-27T08:59:21 - 'Drizzt Audiobook Collection' reached the maximum seeding time you set. Paused.
(N) 2022-06-27T08:59:21 - 'Bloody Jack - Bk1 Bloody Jack Series - L.A. Meyer' reached the maximum seeding time you set. Paused.
(N) 2022-06-27T08:59:21 - 'Nicholas Rhea - Constable 04 - Constable Across the Moors 1992' reached the maximum seeding time you set. Paused.
(N) 2022-06-27T08:59:21 - 'Gerard Doyle' reached the maximum seeding time you set. Paused.
(N) 2022-06-27T08:59:21 - '01 The Iron Dragon's Daughter' reached the maximum seeding time you set. Paused.
(N) 2022-06-27T08:59:21 - 'Elmore Leonard' reached the maximum seeding time you set. Paused.
(N) 2022-06-27T08:59:21 - 'Chris Ryan' reached the maximum seeding time you set. Paused.
(N) 2022-06-27T08:59:21 - 'House of Blades - The Traveler's Gate Trilogy, Volume 1 (Unabridged)' reached the maximum seeding time you set. Paused.
(N) 2022-06-27T08:59:21 - 'James Clavell - King Rat - 22.22' reached the maximum seeding time you set. Paused.
(N) 2022-06-27T08:59:21 - 'Ben Creed - A Traitor's Heart' reached the maximum seeding time you set. Paused.
(N) 2022-06-27T08:59:21 - 'James Clavell - Gai-Jin' reached the maximum seeding time you set. Paused.
(N) 2022-06-27T08:59:21 - '1978 - Night Shift (20 short stories)' reached the maximum seeding time you set. Paused.
(N) 2022-06-27T08:59:21 - 'The British Knight by Louise Bay [MP3]' reached the maximum seeding time you set. Paused.
(N) 2022-06-27T08:59:21 - 'ML-TGATM' reached the maximum seeding time you set. Paused.
(N) 2022-06-27T08:59:21 - 'Jason King Collection' reached the maximum seeding time you set. Paused.
(N) 2022-06-27T08:59:21 - 'Ken Follett - Code to Zero' reached the maximum seeding time you set. Paused.
(N) 2022-06-27T08:59:21 - 'David Baldacci - 2021 - A Gambling Man' reached the maximum seeding time you set. Paused.
(N) 2022-06-27T08:59:21 - 'Melanie Magidow - The Tale of Princess Fatima, Warrior Woman' reached the maximum seeding time you set. Paused.
(N) 2022-06-27T08:59:21 - 'David Simon-Homicide-A Year on the Killing Streets' reached the maximum seeding time you set. Paused.
(N) 2022-06-27T08:59:21 - 'Skeleton Crew - Frank Muller' reached the maximum seeding time you set. Paused.
(N) 2022-06-27T08:59:28 - Using built-in Web UI.
(N) 2022-06-27T08:59:28 - Web UI: Now listening on IP: *, port: 8080
(N) 2022-06-27T08:59:31 - Web UI: Now listening on IP: *, port: 8080
(N) 2022-06-27T09:09:50 - Using custom Web UI. Location: "/config/qbitmatUI".
(N) 2022-06-27T09:09:50 - Web UI: Now listening on IP: *, port: 8080
(N) 2022-06-27T09:12:55 - qBittorrent v4.3.8 started
(N) 2022-06-27T09:12:55 - Using config directory: /config/qBittorrent/config/
(I) 2022-06-27T09:12:55 - Trying to listen on: 0.0.0.0:57001,[::]:57001
(N) 2022-06-27T09:12:55 - Peer ID: -qB4380-
(N) 2022-06-27T09:12:55 - HTTP User-Agent is 'qBittorrent/4.3.8'
(I) 2022-06-27T09:12:55 - DHT support [ON]
(I) 2022-06-27T09:12:55 - Local Peer Discovery support [ON]
(I) 2022-06-27T09:12:55 - PeX support [ON]
(I) 2022-06-27T09:12:55 - Anonymous mode [OFF]
(I) 2022-06-27T09:12:55 - Encryption support [ON]
(I) 2022-06-27T09:12:55 - IP geolocation database loaded. Type: DBIP-Country-Lite. Build time: Tue May 31 20:25:04 2022.
(N) 2022-06-27T09:12:55 - Using custom Web UI. Location: "/config/qbitmatUI".
(W) 2022-06-27T09:12:55 - Couldn't load Web UI translation for selected locale (en).
(N) 2022-06-27T09:12:55 - Web UI: Now listening on IP: *, port: 8080
(I) 2022-06-27T09:12:55 - Successfully listening on IP: 127.0.0.1, port: TCP/57001
(I) 2022-06-27T09:12:55 - Successfully listening on IP: 127.0.0.1, port: UDP/57001
(I) 2022-06-27T09:12:55 - Successfully listening on IP: 10.15.0.17, port: TCP/57001
(I) 2022-06-27T09:12:55 - Successfully listening on IP: 10.15.0.17, port: UDP/57001
(I) 2022-06-27T09:12:55 - Successfully listening on IP: 172.18.0.2, port: TCP/57001
(I) 2022-06-27T09:12:55 - Successfully listening on IP: 172.18.0.2, port: UDP/57001
(N) 2022-06-27T09:12:56 - 'Steven_Pressfield_-_Gates_of_Fire_-_An_Epic_Novel_of_the_Battle_of_Thermopylae' restored.
(N) 2022-06-27T09:12:56 - 'Adam Higginbotham - A Thousand Pounds of Dynamite' restored.
(N) 2022-06-27T09:12:56 - 'Steven Pressfield - The Virtues of War' restored.
(N) 2022-06-27T09:12:56 - 'The Afghan Campaign' restored.
(N) 2022-06-27T09:12:56 - 'Exploring J.R.R. Tolkien's The Hobbit  - Corey Olsen' restored.
(N) 2022-06-27T09:12:56 - 'turning_pro_pressfield_steven.epub' restored.
(N) 2022-06-27T09:12:56 - 'Reminders of Him by Colleen Hoover EPUB' restored.
(N) 2022-06-27T09:12:56 - 'Sherlock (2010) Season 4 S04 + Extras (1080p BluRay x265 HEVC 10bit AAC 7.1 afm72)' restored.
(N) 2022-06-27T09:12:56 - 'Last of the Amazons - Steven Pressfield.epub' restored.
(N) 2022-06-27T09:12:56 - 'Steven Pressfield - The Artist's Journey.epub' restored.
(N) 2022-06-27T09:12:56 - 'deadmau-5-portugal.-the-man-this-is-fine.' restored.
(N) 2022-06-27T09:12:56 - 'Steven Pressfield-Gates of Fire' restored.
(N) 2022-06-27T09:12:56 - 'Bassnectar - Underground Communication' restored.
(N) 2022-06-27T09:12:56 - 'Steven Pressfield The Warrior Ethos.epub' restored.
(N) 2022-06-27T09:12:56 - 'The Profession by Steven Pressfield' restored.
(N) 2022-06-27T09:12:56 - 'Uncharted.2022.1080p.WEB-DL.DDP5.1.H264-EVO[TGx]' restored.
(N) 2022-06-27T09:12:56 - 'Tobias Wolff - In Pharaoh's Army_ Memories of_War (v5.0).epub' restored.
(N) 2022-06-27T09:12:56 - 'Layla by Colleen Hoover EPUB' restored.
(N) 2022-06-27T09:12:56 - 'The Night In Question' restored.
(N) 2022-06-27T09:12:56 - 'It Ends with Us by Colleen Hoover EPUB' restored.
(N) 2022-06-27T09:12:56 - 'George R. R. Martin - A Feast for Crows - Epub' restored.
(N) 2022-06-27T09:12:56 - 'A Man at Arms_ A Novel - Steven Pressfield.epub' restored.
(I) 2022-06-27T09:12:56 - Detected external IP: 66.115.189.140
(N) 2022-06-27T09:12:56 - 'George R. R. Martin - A Dance with Dragons - Epub' restored.
(N) 2022-06-27T09:12:56 - 'The Dying Place - David A. Maurer.epub' restored.
(N) 2022-06-27T09:12:56 - 'George R. R. Martin - A Game of Thrones - Epub' restored.
(N) 2022-06-27T09:12:56 - 'The Lion's Gate On the Front Lines of the Six Day War' restored.
(N) 2022-06-27T09:12:56 - 'George R. R. Martin - A Clash of Kings - Epub' restored.
(N) 2022-06-27T09:12:56 - 'Sherlock (2010) Season 2 S02 + Extras (1080p BluRay x265 HEVC 10bit AAC 5.1 afm72)' restored.
(N) 2022-06-27T09:12:56 - 'Tobias Wolff - Back in the World.epub' restored.
(N) 2022-06-27T09:12:56 - 'Tides of War - Steven Pressfield.mobi' restored.
(N) 2022-06-27T09:12:56 - 'Sherlock (2010) Season 3 S03 + Extras (1080p BluRay x265 HEVC 10bit AAC 5.1 afm72)' restored.
(N) 2022-06-27T09:12:56 - 'Regretting You by Colleen Hoover EPUB' restored.
(N) 2022-06-27T09:12:56 - 'Sherlock (2010) Season 1 S01 + Extras (1080p BluRay x265 HEVC 10bit AAC 5.1 afm72)' restored.
(N) 2022-06-27T09:12:56 - 'The Legend of Bagger Vance Novel of Golf and the Game of Life by Steven Pressfield' restored.
(N) 2022-06-27T09:12:56 - 'All Your Perfects - Colleen Hoover.epub' restored.
(N) 2022-06-27T09:12:56 - 'George R. R. Martin - A Storm of Swords - Epub' restored.
(N) 2022-06-27T09:12:56 - 'Verity by Colleen Hoover AZW3' restored.
(N) 2022-06-27T09:12:56 - 'This Boys Life - Tobias Wolff' restored.
(N) 2022-06-27T09:12:56 - 'Chris Ryan' restored.
(N) 2022-06-27T09:12:56 - 'ML-TGATM' restored.
(N) 2022-06-27T09:12:56 - 'James Clavell - King Rat - 22.22' restored.
(N) 2022-06-27T09:12:56 - 'David Simon-Homicide-A Year on the Killing Streets' restored.
(N) 2022-06-27T09:12:56 - 'Gerard Doyle' restored.
(N) 2022-06-27T09:12:56 - 'Ben Creed - A Traitor's Heart' restored.
(N) 2022-06-27T09:12:56 - 'Elmore Leonard' restored.
(N) 2022-06-27T09:12:56 - 'Bloody Jack - Bk1 Bloody Jack Series - L.A. Meyer' restored.
(N) 2022-06-27T09:12:56 - 'James Clavell - Gai-Jin' restored.
(N) 2022-06-27T09:12:56 - 'Drizzt Audiobook Collection' restored.
(N) 2022-06-27T09:12:56 - '01 The Iron Dragon's Daughter' restored.
(N) 2022-06-27T09:12:56 - 'House of Blades - The Traveler's Gate Trilogy, Volume 1 (Unabridged)' restored.
(N) 2022-06-27T09:12:56 - 'Melanie Magidow - The Tale of Princess Fatima, Warrior Woman' restored.
(N) 2022-06-27T09:12:56 - '1978 - Night Shift (20 short stories)' restored.
(N) 2022-06-27T09:12:56 - 'David Baldacci - 2021 - A Gambling Man' restored.
(N) 2022-06-27T09:12:56 - 'Jason King Collection' restored.
(N) 2022-06-27T09:12:56 - 'Skeleton Crew - Frank Muller' restored.
(N) 2022-06-27T09:12:56 - 'Nicholas Rhea - Constable 04 - Constable Across the Moors 1992' restored.
(N) 2022-06-27T09:12:56 - 'The British Knight by Louise Bay [MP3]' restored.
(N) 2022-06-27T09:12:56 - 'Ken Follett - Code to Zero' restored.
(N) 2022-06-27T09:15:57 - qBittorrent v4.3.8 started
(N) 2022-06-27T09:15:57 - Using config directory: /config/qBittorrent/config/
(I) 2022-06-27T09:15:57 - Trying to listen on: 0.0.0.0:57001,[::]:57001
(N) 2022-06-27T09:15:57 - Peer ID: -qB4380-
(N) 2022-06-27T09:15:57 - HTTP User-Agent is 'qBittorrent/4.3.8'
(I) 2022-06-27T09:15:57 - DHT support [ON]
(I) 2022-06-27T09:15:57 - Local Peer Discovery support [ON]
(I) 2022-06-27T09:15:57 - PeX support [ON]
(I) 2022-06-27T09:15:57 - Anonymous mode [OFF]
(I) 2022-06-27T09:15:57 - Encryption support [ON]
(I) 2022-06-27T09:15:57 - IP geolocation database loaded. Type: DBIP-Country-Lite. Build time: Tue May 31 20:25:04 2022.
(N) 2022-06-27T09:15:57 - Using custom Web UI. Location: "/config/qbitmatUI".
(W) 2022-06-27T09:15:57 - Couldn't load Web UI translation for selected locale (en).
(N) 2022-06-27T09:15:57 - Web UI: Now listening on IP: *, port: 8080
(I) 2022-06-27T09:15:57 - Successfully listening on IP: 127.0.0.1, port: TCP/57001
(I) 2022-06-27T09:15:57 - Successfully listening on IP: 127.0.0.1, port: UDP/57001
(I) 2022-06-27T09:15:57 - Successfully listening on IP: 10.15.0.11, port: TCP/57001
(I) 2022-06-27T09:15:57 - Successfully listening on IP: 10.15.0.11, port: UDP/57001
(I) 2022-06-27T09:15:57 - Successfully listening on IP: 172.18.0.2, port: TCP/57001
(I) 2022-06-27T09:15:57 - Successfully listening on IP: 172.18.0.2, port: UDP/57001
(N) 2022-06-27T09:15:57 - 'Steven Pressfield - The Artist's Journey.epub' restored.
(N) 2022-06-27T09:15:57 - 'deadmau-5-portugal.-the-man-this-is-fine.' restored.
(N) 2022-06-27T09:15:57 - 'Steven Pressfield-Gates of Fire' restored.
(N) 2022-06-27T09:15:57 - 'Bassnectar - Underground Communication' restored.
(N) 2022-06-27T09:15:57 - 'Steven Pressfield The Warrior Ethos.epub' restored.
(N) 2022-06-27T09:15:57 - 'The Profession by Steven Pressfield' restored.
(N) 2022-06-27T09:15:57 - 'Uncharted.2022.1080p.WEB-DL.DDP5.1.H264-EVO[TGx]' restored.
(N) 2022-06-27T09:15:57 - 'Tobias Wolff - In Pharaoh's Army_ Memories of_War (v5.0).epub' restored.
(N) 2022-06-27T09:15:57 - 'Layla by Colleen Hoover EPUB' restored.
(N) 2022-06-27T09:15:57 - 'The Night In Question' restored.
(N) 2022-06-27T09:15:57 - 'It Ends with Us by Colleen Hoover EPUB' restored.
(N) 2022-06-27T09:15:57 - 'George R. R. Martin - A Feast for Crows - Epub' restored.
(N) 2022-06-27T09:15:57 - 'A Man at Arms_ A Novel - Steven Pressfield.epub' restored.
(N) 2022-06-27T09:15:57 - 'George R. R. Martin - A Dance with Dragons - Epub' restored.
(N) 2022-06-27T09:15:57 - 'The Dying Place - David A. Maurer.epub' restored.
(N) 2022-06-27T09:15:57 - 'George R. R. Martin - A Game of Thrones - Epub' restored.
(N) 2022-06-27T09:15:57 - 'The Lion's Gate On the Front Lines of the Six Day War' restored.
(N) 2022-06-27T09:15:57 - 'George R. R. Martin - A Clash of Kings - Epub' restored.
(N) 2022-06-27T09:15:57 - 'Sherlock (2010) Season 2 S02 + Extras (1080p BluRay x265 HEVC 10bit AAC 5.1 afm72)' restored.
(N) 2022-06-27T09:15:57 - 'Tobias Wolff - Back in the World.epub' restored.
(N) 2022-06-27T09:15:57 - 'Tides of War - Steven Pressfield.mobi' restored.
(N) 2022-06-27T09:15:57 - 'Sherlock (2010) Season 3 S03 + Extras (1080p BluRay x265 HEVC 10bit AAC 5.1 afm72)' restored.
(N) 2022-06-27T09:15:57 - 'Regretting You by Colleen Hoover EPUB' restored.
(N) 2022-06-27T09:15:57 - 'Sherlock (2010) Season 1 S01 + Extras (1080p BluRay x265 HEVC 10bit AAC 5.1 afm72)' restored.
(N) 2022-06-27T09:15:57 - 'The Legend of Bagger Vance Novel of Golf and the Game of Life by Steven Pressfield' restored.
(N) 2022-06-27T09:15:57 - 'All Your Perfects - Colleen Hoover.epub' restored.
(N) 2022-06-27T09:15:57 - 'George R. R. Martin - A Storm of Swords - Epub' restored.
(N) 2022-06-27T09:15:57 - 'Verity by Colleen Hoover AZW3' restored.
(N) 2022-06-27T09:15:57 - 'Chris Ryan' restored.
(N) 2022-06-27T09:15:57 - 'ML-TGATM' restored.
(N) 2022-06-27T09:15:57 - 'James Clavell - King Rat - 22.22' restored.
(N) 2022-06-27T09:15:57 - 'David Simon-Homicide-A Year on the Killing Streets' restored.
(N) 2022-06-27T09:15:57 - 'Gerard Doyle' restored.
(N) 2022-06-27T09:15:57 - 'Ben Creed - A Traitor's Heart' restored.
(N) 2022-06-27T09:15:57 - 'Elmore Leonard' restored.
(N) 2022-06-27T09:15:57 - 'Bloody Jack - Bk1 Bloody Jack Series - L.A. Meyer' restored.
(N) 2022-06-27T09:15:57 - 'James Clavell - Gai-Jin' restored.
(N) 2022-06-27T09:15:57 - 'Drizzt Audiobook Collection' restored.
(N) 2022-06-27T09:15:57 - '01 The Iron Dragon's Daughter' restored.
(N) 2022-06-27T09:15:57 - 'House of Blades - The Traveler's Gate Trilogy, Volume 1 (Unabridged)' restored.
(N) 2022-06-27T09:15:57 - 'Melanie Magidow - The Tale of Princess Fatima, Warrior Woman' restored.
(N) 2022-06-27T09:15:57 - '1978 - Night Shift (20 short stories)' restored.
(N) 2022-06-27T09:15:57 - 'David Baldacci - 2021 - A Gambling Man' restored.
(N) 2022-06-27T09:15:57 - 'Jason King Collection' restored.
(N) 2022-06-27T09:15:57 - 'Skeleton Crew - Frank Muller' restored.
(N) 2022-06-27T09:15:57 - 'Nicholas Rhea - Constable 04 - Constable Across the Moors 1992' restored.
(N) 2022-06-27T09:15:57 - 'The British Knight by Louise Bay [MP3]' restored.
(N) 2022-06-27T09:15:57 - 'Ken Follett - Code to Zero' restored.
(N) 2022-06-27T09:15:57 - 'Sherlock (2010) Season 4 S04 + Extras (1080p BluRay x265 HEVC 10bit AAC 7.1 afm72)' restored.
(N) 2022-06-27T09:15:57 - 'Steven Pressfield - The Virtues of War' restored.
(N) 2022-06-27T09:15:57 - 'Adam Higginbotham - A Thousand Pounds of Dynamite' restored.
(N) 2022-06-27T09:15:57 - 'Last of the Amazons - Steven Pressfield.epub' restored.
(N) 2022-06-27T09:15:57 - 'Reminders of Him by Colleen Hoover EPUB' restored.
(N) 2022-06-27T09:15:57 - 'turning_pro_pressfield_steven.epub' restored.
(N) 2022-06-27T09:15:57 - 'Steven_Pressfield_-_Gates_of_Fire_-_An_Epic_Novel_of_the_Battle_of_Thermopylae' restored.
(N) 2022-06-27T09:15:57 - 'The Afghan Campaign' restored.
(N) 2022-06-27T09:15:57 - 'Exploring J.R.R. Tolkien's The Hobbit  - Corey Olsen' restored.
(N) 2022-06-27T09:15:57 - 'This Boys Life - Tobias Wolff' restored.
(I) 2022-06-27T09:15:59 - Detected external IP: 66.115.189.130
(N) 2022-06-27T09:17:31 - Using built-in Web UI.
(N) 2022-06-27T09:17:31 - Web UI: Now listening on IP: *, port: 8080
(N) 2022-06-27T09:17:37 - Web UI: Now listening on IP: *, port: 8080
(N) 2022-06-27T09:18:56 - Using custom Web UI. Location: "/config/vuetorrent".
(N) 2022-06-27T09:18:56 - Web UI: Now listening on IP: *, port: 8080
(N) 2022-06-27T09:19:08 - Using built-in Web UI.
(N) 2022-06-27T09:19:08 - Web UI: Now listening on IP: *, port: 8080
(N) 2022-06-27T09:30:39 - Using custom Web UI. Location: "/config/vuetorrent".
(N) 2022-06-27T09:30:39 - Web UI: Now listening on IP: *, port: 8080
(N) 2022-06-27T15:27:45 - 'A Game of Thrones [Enhanced Edition] - George R. R. Martin' added to download list.
